<?xml version="1.0" ?>
<coverage version="6.4.2" timestamp="1661595205138" lines-valid="300" lines-covered="293" line-rate="0.9767" branches-covered="0" branches-valid="0" branch-rate="0" complexity="0">
	<!-- Generated by coverage.py: https://coverage.readthedocs.io -->
	<!-- Based on https://raw.githubusercontent.com/cobertura/web/master/htdocs/xml/coverage-04.dtd -->
	<sources>
		<source>C:\Users\user\PycharmProjects\github-actions-homework</source>
	</sources>
	<packages>
		<package name="blog" line-rate="0.8333" branch-rate="0" complexity="0">
			<classes>
				<class name="manage.py" filename="blog/manage.py" complexity="0" line-rate="0.8333" branch-rate="0">
					<methods/>
					<lines>
						<line number="2" hits="1"/>
						<line number="3" hits="1"/>
						<line number="4" hits="1"/>
						<line number="7" hits="1"/>
						<line number="9" hits="1"/>
						<line number="10" hits="1"/>
						<line number="11" hits="1"/>
						<line number="12" hits="0"/>
						<line number="13" hits="0"/>
						<line number="18" hits="1"/>
						<line number="21" hits="1"/>
						<line number="22" hits="1"/>
					</lines>
				</class>
			</classes>
		</package>
		<package name="blog.blog" line-rate="0.9643" branch-rate="0" complexity="0">
			<classes>
				<class name="settings.py" filename="blog/blog/settings.py" complexity="0" line-rate="1" branch-rate="0">
					<methods/>
					<lines>
						<line number="13" hits="1"/>
						<line number="16" hits="1"/>
						<line number="23" hits="1"/>
						<line number="26" hits="1"/>
						<line number="28" hits="1"/>
						<line number="29" hits="1"/>
						<line number="30" hits="1"/>
						<line number="33" hits="1"/>
						<line number="39" hits="1"/>
						<line number="46" hits="1"/>
						<line number="60" hits="1"/>
						<line number="71" hits="1"/>
						<line number="73" hits="1"/>
						<line number="89" hits="1"/>
						<line number="95" hits="1"/>
						<line number="106" hits="1"/>
						<line number="125" hits="1"/>
						<line number="127" hits="1"/>
						<line number="129" hits="1"/>
						<line number="131" hits="1"/>
						<line number="137" hits="1"/>
						<line number="142" hits="1"/>
					</lines>
				</class>
				<class name="urls.py" filename="blog/blog/urls.py" complexity="0" line-rate="0.8333" branch-rate="0">
					<methods/>
					<lines>
						<line number="16" hits="1"/>
						<line number="17" hits="1"/>
						<line number="18" hits="1"/>
						<line number="21" hits="1"/>
						<line number="27" hits="1"/>
						<line number="28" hits="0"/>
					</lines>
				</class>
			</classes>
		</package>
		<package name="blog.blog_authorization" line-rate="0.9762" branch-rate="0" complexity="0">
			<classes>
				<class name="__init__.py" filename="blog/blog_authorization/__init__.py" complexity="0" line-rate="1" branch-rate="0">
					<methods/>
					<lines/>
				</class>
				<class name="admin.py" filename="blog/blog_authorization/admin.py" complexity="0" line-rate="1" branch-rate="0">
					<methods/>
					<lines>
						<line number="1" hits="1"/>
						<line number="3" hits="1"/>
						<line number="5" hits="1"/>
					</lines>
				</class>
				<class name="apps.py" filename="blog/blog_authorization/apps.py" complexity="0" line-rate="1" branch-rate="0">
					<methods/>
					<lines>
						<line number="1" hits="1"/>
						<line number="4" hits="1"/>
						<line number="5" hits="1"/>
						<line number="6" hits="1"/>
					</lines>
				</class>
				<class name="forms.py" filename="blog/blog_authorization/forms.py" complexity="0" line-rate="1" branch-rate="0">
					<methods/>
					<lines>
						<line number="1" hits="1"/>
					</lines>
				</class>
				<class name="models.py" filename="blog/blog_authorization/models.py" complexity="0" line-rate="0.9375" branch-rate="0">
					<methods/>
					<lines>
						<line number="1" hits="1"/>
						<line number="2" hits="1"/>
						<line number="3" hits="1"/>
						<line number="4" hits="1"/>
						<line number="6" hits="1"/>
						<line number="8" hits="1"/>
						<line number="11" hits="1"/>
						<line number="12" hits="1"/>
						<line number="18" hits="1"/>
						<line number="20" hits="1"/>
						<line number="21" hits="0"/>
						<line number="24" hits="1"/>
						<line number="25" hits="1"/>
						<line number="26" hits="1"/>
						<line number="27" hits="1"/>
						<line number="29" hits="1"/>
					</lines>
				</class>
				<class name="urls.py" filename="blog/blog_authorization/urls.py" complexity="0" line-rate="1" branch-rate="0">
					<methods/>
					<lines>
						<line number="1" hits="1"/>
						<line number="3" hits="1"/>
						<line number="6" hits="1"/>
					</lines>
				</class>
				<class name="views.py" filename="blog/blog_authorization/views.py" complexity="0" line-rate="1" branch-rate="0">
					<methods/>
					<lines>
						<line number="1" hits="1"/>
						<line number="2" hits="1"/>
						<line number="3" hits="1"/>
						<line number="8" hits="1"/>
						<line number="9" hits="1"/>
						<line number="12" hits="1"/>
						<line number="13" hits="1"/>
						<line number="14" hits="1"/>
						<line number="15" hits="1"/>
						<line number="16" hits="1"/>
						<line number="19" hits="1"/>
						<line number="20" hits="1"/>
						<line number="21" hits="1"/>
						<line number="24" hits="1"/>
						<line number="25" hits="1"/>
					</lines>
				</class>
			</classes>
		</package>
		<package name="blog.blog_authorization.migrations" line-rate="1" branch-rate="0" complexity="0">
			<classes>
				<class name="0001_initial.py" filename="blog/blog_authorization/migrations/0001_initial.py" complexity="0" line-rate="1" branch-rate="0">
					<methods/>
					<lines>
						<line number="3" hits="1"/>
						<line number="4" hits="1"/>
						<line number="5" hits="1"/>
						<line number="8" hits="1"/>
						<line number="10" hits="1"/>
						<line number="12" hits="1"/>
						<line number="16" hits="1"/>
					</lines>
				</class>
				<class name="__init__.py" filename="blog/blog_authorization/migrations/__init__.py" complexity="0" line-rate="1" branch-rate="0">
					<methods/>
					<lines/>
				</class>
			</classes>
		</package>
		<package name="blog.blog_authorization.tests" line-rate="1" branch-rate="0" complexity="0">
			<classes>
				<class name="__init__.py" filename="blog/blog_authorization/tests/__init__.py" complexity="0" line-rate="1" branch-rate="0">
					<methods/>
					<lines/>
				</class>
				<class name="test_user_login.py" filename="blog/blog_authorization/tests/test_user_login.py" complexity="0" line-rate="1" branch-rate="0">
					<methods/>
					<lines>
						<line number="1" hits="1"/>
						<line number="2" hits="1"/>
						<line number="3" hits="1"/>
						<line number="5" hits="1"/>
						<line number="8" hits="1"/>
						<line number="10" hits="1"/>
						<line number="11" hits="1"/>
						<line number="12" hits="1"/>
						<line number="13" hits="1"/>
						<line number="14" hits="1"/>
						<line number="15" hits="1"/>
						<line number="16" hits="1"/>
						<line number="18" hits="1"/>
						<line number="19" hits="1"/>
						<line number="27" hits="1"/>
						<line number="28" hits="1"/>
						<line number="30" hits="1"/>
						<line number="31" hits="1"/>
						<line number="39" hits="1"/>
					</lines>
				</class>
				<class name="test_user_logout.py" filename="blog/blog_authorization/tests/test_user_logout.py" complexity="0" line-rate="1" branch-rate="0">
					<methods/>
					<lines>
						<line number="1" hits="1"/>
						<line number="2" hits="1"/>
						<line number="3" hits="1"/>
						<line number="5" hits="1"/>
						<line number="8" hits="1"/>
						<line number="10" hits="1"/>
						<line number="11" hits="1"/>
						<line number="12" hits="1"/>
						<line number="13" hits="1"/>
						<line number="14" hits="1"/>
						<line number="15" hits="1"/>
						<line number="17" hits="1"/>
						<line number="18" hits="1"/>
						<line number="26" hits="1"/>
						<line number="27" hits="1"/>
						<line number="29" hits="1"/>
						<line number="33" hits="1"/>
						<line number="34" hits="1"/>
						<line number="36" hits="1"/>
						<line number="37" hits="1"/>
					</lines>
				</class>
				<class name="test_user_register.py" filename="blog/blog_authorization/tests/test_user_register.py" complexity="0" line-rate="1" branch-rate="0">
					<methods/>
					<lines>
						<line number="1" hits="1"/>
						<line number="2" hits="1"/>
						<line number="3" hits="1"/>
						<line number="4" hits="1"/>
						<line number="6" hits="1"/>
						<line number="9" hits="1"/>
						<line number="11" hits="1"/>
						<line number="12" hits="1"/>
						<line number="13" hits="1"/>
						<line number="14" hits="1"/>
						<line number="19" hits="1"/>
						<line number="25" hits="1"/>
						<line number="26" hits="1"/>
						<line number="30" hits="1"/>
						<line number="31" hits="1"/>
						<line number="33" hits="1"/>
						<line number="34" hits="1"/>
						<line number="36" hits="1"/>
						<line number="37" hits="1"/>
						<line number="41" hits="1"/>
						<line number="43" hits="1"/>
						<line number="47" hits="1"/>
						<line number="49" hits="1"/>
						<line number="56" hits="1"/>
						<line number="57" hits="1"/>
						<line number="61" hits="1"/>
						<line number="63" hits="1"/>
					</lines>
				</class>
			</classes>
		</package>
		<package name="blog.blog_django_app" line-rate="0.9545" branch-rate="0" complexity="0">
			<classes>
				<class name="__init__.py" filename="blog/blog_django_app/__init__.py" complexity="0" line-rate="1" branch-rate="0">
					<methods/>
					<lines/>
				</class>
				<class name="admin.py" filename="blog/blog_django_app/admin.py" complexity="0" line-rate="0.75" branch-rate="0">
					<methods/>
					<lines>
						<line number="1" hits="1"/>
						<line number="3" hits="1"/>
						<line number="6" hits="1"/>
						<line number="7" hits="1"/>
						<line number="9" hits="1"/>
						<line number="10" hits="0"/>
						<line number="11" hits="0"/>
						<line number="14" hits="1"/>
					</lines>
				</class>
				<class name="apps.py" filename="blog/blog_django_app/apps.py" complexity="0" line-rate="1" branch-rate="0">
					<methods/>
					<lines>
						<line number="1" hits="1"/>
						<line number="4" hits="1"/>
						<line number="5" hits="1"/>
						<line number="6" hits="1"/>
					</lines>
				</class>
				<class name="forms.py" filename="blog/blog_django_app/forms.py" complexity="0" line-rate="1" branch-rate="0">
					<methods/>
					<lines>
						<line number="1" hits="1"/>
						<line number="3" hits="1"/>
						<line number="6" hits="1"/>
						<line number="8" hits="1"/>
						<line number="9" hits="1"/>
						<line number="10" hits="1"/>
					</lines>
				</class>
				<class name="models.py" filename="blog/blog_django_app/models.py" complexity="0" line-rate="0.875" branch-rate="0">
					<methods/>
					<lines>
						<line number="1" hits="1"/>
						<line number="2" hits="1"/>
						<line number="5" hits="1"/>
						<line number="6" hits="1"/>
						<line number="7" hits="1"/>
						<line number="8" hits="1"/>
						<line number="10" hits="1"/>
						<line number="11" hits="0"/>
					</lines>
				</class>
				<class name="urls.py" filename="blog/blog_django_app/urls.py" complexity="0" line-rate="1" branch-rate="0">
					<methods/>
					<lines>
						<line number="1" hits="1"/>
						<line number="3" hits="1"/>
						<line number="12" hits="1"/>
						<line number="14" hits="1"/>
					</lines>
				</class>
				<class name="views.py" filename="blog/blog_django_app/views.py" complexity="0" line-rate="1" branch-rate="0">
					<methods/>
					<lines>
						<line number="1" hits="1"/>
						<line number="2" hits="1"/>
						<line number="3" hits="1"/>
						<line number="6" hits="1"/>
						<line number="7" hits="1"/>
						<line number="10" hits="1"/>
						<line number="11" hits="1"/>
						<line number="12" hits="1"/>
						<line number="15" hits="1"/>
						<line number="16" hits="1"/>
						<line number="17" hits="1"/>
						<line number="20" hits="1"/>
						<line number="21" hits="1"/>
						<line number="22" hits="1"/>
						<line number="25" hits="1"/>
						<line number="26" hits="1"/>
						<line number="27" hits="1"/>
						<line number="29" hits="1"/>
						<line number="30" hits="1"/>
						<line number="31" hits="1"/>
						<line number="32" hits="1"/>
						<line number="35" hits="1"/>
						<line number="36" hits="1"/>
						<line number="37" hits="1"/>
						<line number="38" hits="1"/>
						<line number="40" hits="1"/>
						<line number="41" hits="1"/>
						<line number="43" hits="1"/>
						<line number="44" hits="1"/>
						<line number="45" hits="1"/>
						<line number="46" hits="1"/>
						<line number="47" hits="1"/>
						<line number="50" hits="1"/>
						<line number="51" hits="1"/>
						<line number="52" hits="1"/>
						<line number="53" hits="1"/>
					</lines>
				</class>
			</classes>
		</package>
		<package name="blog.blog_django_app.migrations" line-rate="1" branch-rate="0" complexity="0">
			<classes>
				<class name="0001_initial.py" filename="blog/blog_django_app/migrations/0001_initial.py" complexity="0" line-rate="1" branch-rate="0">
					<methods/>
					<lines>
						<line number="3" hits="1"/>
						<line number="4" hits="1"/>
						<line number="5" hits="1"/>
						<line number="8" hits="1"/>
						<line number="10" hits="1"/>
						<line number="12" hits="1"/>
						<line number="16" hits="1"/>
					</lines>
				</class>
				<class name="__init__.py" filename="blog/blog_django_app/migrations/__init__.py" complexity="0" line-rate="1" branch-rate="0">
					<methods/>
					<lines/>
				</class>
			</classes>
		</package>
		<package name="blog.blog_django_app.tests" line-rate="1" branch-rate="0" complexity="0">
			<classes>
				<class name="__init__.py" filename="blog/blog_django_app/tests/__init__.py" complexity="0" line-rate="1" branch-rate="0">
					<methods/>
					<lines/>
				</class>
				<class name="test_post_creation.py" filename="blog/blog_django_app/tests/test_post_creation.py" complexity="0" line-rate="1" branch-rate="0">
					<methods/>
					<lines>
						<line number="1" hits="1"/>
						<line number="2" hits="1"/>
						<line number="4" hits="1"/>
						<line number="5" hits="1"/>
						<line number="8" hits="1"/>
						<line number="10" hits="1"/>
						<line number="11" hits="1"/>
						<line number="12" hits="1"/>
						<line number="13" hits="1"/>
						<line number="14" hits="1"/>
						<line number="15" hits="1"/>
						<line number="16" hits="1"/>
						<line number="18" hits="1"/>
						<line number="19" hits="1"/>
						<line number="22" hits="1"/>
						<line number="23" hits="1"/>
						<line number="25" hits="1"/>
						<line number="26" hits="1"/>
						<line number="27" hits="1"/>
						<line number="29" hits="1"/>
						<line number="30" hits="1"/>
						<line number="31" hits="1"/>
						<line number="36" hits="1"/>
						<line number="38" hits="1"/>
						<line number="39" hits="1"/>
					</lines>
				</class>
				<class name="test_post_list.py" filename="blog/blog_django_app/tests/test_post_list.py" complexity="0" line-rate="1" branch-rate="0">
					<methods/>
					<lines>
						<line number="1" hits="1"/>
						<line number="2" hits="1"/>
						<line number="4" hits="1"/>
						<line number="7" hits="1"/>
						<line number="8" hits="1"/>
						<line number="13" hits="1"/>
						<line number="14" hits="1"/>
						<line number="18" hits="1"/>
						<line number="20" hits="1"/>
						<line number="21" hits="1"/>
						<line number="22" hits="1"/>
						<line number="23" hits="1"/>
						<line number="24" hits="1"/>
						<line number="26" hits="1"/>
						<line number="27" hits="1"/>
						<line number="31" hits="1"/>
						<line number="32" hits="1"/>
					</lines>
				</class>
				<class name="test_user_detail.py" filename="blog/blog_django_app/tests/test_user_detail.py" complexity="0" line-rate="1" branch-rate="0">
					<methods/>
					<lines>
						<line number="1" hits="1"/>
						<line number="2" hits="1"/>
						<line number="4" hits="1"/>
						<line number="5" hits="1"/>
						<line number="8" hits="1"/>
						<line number="9" hits="1"/>
						<line number="14" hits="1"/>
						<line number="15" hits="1"/>
						<line number="17" hits="1"/>
						<line number="18" hits="1"/>
						<line number="22" hits="1"/>
						<line number="23" hits="1"/>
						<line number="25" hits="1"/>
					</lines>
				</class>
				<class name="test_user_list.py" filename="blog/blog_django_app/tests/test_user_list.py" complexity="0" line-rate="1" branch-rate="0">
					<methods/>
					<lines>
						<line number="1" hits="1"/>
						<line number="2" hits="1"/>
						<line number="4" hits="1"/>
						<line number="7" hits="1"/>
						<line number="8" hits="1"/>
						<line number="12" hits="1"/>
						<line number="13" hits="1"/>
						<line number="17" hits="1"/>
						<line number="19" hits="1"/>
						<line number="20" hits="1"/>
						<line number="21" hits="1"/>
						<line number="22" hits="1"/>
						<line number="23" hits="1"/>
						<line number="25" hits="1"/>
						<line number="26" hits="1"/>
						<line number="30" hits="1"/>
						<line number="31" hits="1"/>
					</lines>
				</class>
			</classes>
		</package>
		<package name="blog.blog" line-rate="1" branch-rate="0" complexity="0">
			<classes>
				<class name="__init__.py" filename="blog/blog/__init__.py" complexity="0" line-rate="1" branch-rate="0">
					<methods/>
					<lines/>
				</class>
			</classes>
		</package>
	</packages>
</coverage>
